<?xml version="1.0" encoding="UTF-8"?>
<testsuite name="Realizar compra" tests="1" skipped="0" failures="0" errors="0" timestamp="2019-08-09T17:41:11" hostname="SBMEDLAPPROKG4" time="44.703">
  <properties/>
  <testcase name="Compra exitosa" classname="Realizar compra" time="44.703"/>
  <system-out><![CDATA[]]></system-out>
  <system-err><![CDATA[ago 09, 2019 12:41:11 PM org.openqa.selenium.remote.DesiredCapabilities chrome
INFORMACIÓN: Using `new ChromeOptions()` is preferred to `DesiredCapabilities.chrome()`
Starting ChromeDriver 76.0.3809.68 (420c9498db8ce8fcd190a954d51297672c1515d5-refs/branch-heads/3809@{#864}) on port 41506
Only local connections are allowed.
Please protect ports used by ChromeDriver and related test frameworks to prevent access by malicious code.
ago 09, 2019 12:41:15 PM org.openqa.selenium.remote.ProtocolHandshake createSession
INFORMACIÓN: Detected dialect: W3C
[Test worker] INFO net.thucydides.core.steps.ConsoleLoggingListener - 
        __    _____ _____ ____ _____   ____   _    ____  ____  _____ ____  
  _     \ \  |_   _| ____/ ___|_   _| |  _ \ / \  / ___|/ ___|| ____|  _ \ 
 (_)_____| |   | | |  _| \___ \ | |   | |_) / _ \ \___ \\___ \|  _| | | | |
  _|_____| |   | | | |___ ___) || |   |  __/ ___ \ ___) |___) | |___| |_| |
 (_)     | |   |_| |_____|____/ |_|   |_| /_/   \_\____/|____/|_____|____/ 
        /_/                                                                

TEST PASSED: Compra exitosa
----------------------------------------------------------------------------
]]></system-err>
</testsuite>
